Unity Editor version:    2021.3.15f1 (e8e88683f834)
Branch:                  2021.3/staging
Build type:              Release
Batch mode:              YES
macOS version:           Version 10.14.6 (Build 18G6032)
Darwin version:          18.7.0
Architecture:            x86_64
Running under Rosetta:   NO
Available memory:        8192 MB
Using pre-set license
Pro License: YES

COMMAND LINE ARGUMENTS:
/goinfre/yaalaoui/2021.3.15f1/Unity.app/Contents/MacOS/Unity
-adb2
-batchMode
-noUpm
-name
AssetImportWorker0
-projectPath
/goinfre/yaalaoui/Game_Jam1_2023
-logFile
Logs/AssetImportWorker0.log
-srvPort
50262
Successfully changed project path to: /goinfre/yaalaoui/Game_Jam1_2023
/goinfre/yaalaoui/Game_Jam1_2023
[UnityMemory] Configuration Parameters - Can be set up in boot.config
    "memorysetup-bucket-allocator-granularity=16"
    "memorysetup-bucket-allocator-bucket-count=8"
    "memorysetup-bucket-allocator-block-size=33554432"
    "memorysetup-bucket-allocator-block-count=8"
    "memorysetup-main-allocator-block-size=16777216"
    "memorysetup-thread-allocator-block-size=16777216"
    "memorysetup-gfx-main-allocator-block-size=16777216"
    "memorysetup-gfx-thread-allocator-block-size=16777216"
    "memorysetup-cache-allocator-block-size=4194304"
    "memorysetup-typetree-allocator-block-size=2097152"
    "memorysetup-profiler-bucket-allocator-granularity=16"
    "memorysetup-profiler-bucket-allocator-bucket-count=8"
    "memorysetup-profiler-bucket-allocator-block-size=33554432"
    "memorysetup-profiler-bucket-allocator-block-count=8"
    "memorysetup-profiler-allocator-block-size=16777216"
    "memorysetup-profiler-editor-allocator-block-size=1048576"
    "memorysetup-temp-allocator-size-main=16777216"
    "memorysetup-job-temp-allocator-block-size=2097152"
    "memorysetup-job-temp-allocator-block-size-background=1048576"
    "memorysetup-job-temp-allocator-reduction-small-platforms=262144"
    "memorysetup-temp-allocator-size-background-worker=32768"
    "memorysetup-temp-allocator-size-job-worker=262144"
    "memorysetup-temp-allocator-size-preload-manager=33554432"
    "memorysetup-temp-allocator-size-nav-mesh-worker=65536"
    "memorysetup-temp-allocator-size-audio-worker=65536"
    "memorysetup-temp-allocator-size-cloud-worker=32768"
    "memorysetup-temp-allocator-size-gi-baking-worker=262144"
    "memorysetup-temp-allocator-size-gfx=262144"
Player connection [4805273024] Host "[IP] 10.12.13.6 [Port] 0 [Flags] 2 [Guid] 1573960759 [EditorId] 1573960759 [Version] 1048832 [Id] OSXEditor(0,e2r13p6.1337.ma) [Debug] 1 [PackageName] OSXEditor [ProjectName] Editor" joined multi-casting on [225.0.0.222:54997]...

Player connection [4805273024] Host "[IP] 10.12.13.6 [Port] 0 [Flags] 2 [Guid] 1573960759 [EditorId] 1573960759 [Version] 1048832 [Id] OSXEditor(0,e2r13p6.1337.ma) [Debug] 1 [PackageName] OSXEditor [ProjectName] Editor" joined alternative multi-casting on [225.0.0.222:34997]...

Refreshing native plugins compatible for Editor in 107.03 ms, found 2 plugins.
Preloading 0 native plugins for Editor in 0.00 ms.
Initialize engine version: 2021.3.15f1 (e8e88683f834)
[Subsystems] Discovering subsystems at path /goinfre/yaalaoui/2021.3.15f1/Unity.app/Contents/Resources/UnitySubsystems
[Subsystems] Discovering subsystems at path /goinfre/yaalaoui/Game_Jam1_2023/Assets
GfxDevice: creating device client; threaded=0; jobified=0
iMac preferred device: AMD Radeon Pro 570 (high power)
Metal devices available: 1
0: AMD Radeon Pro 570 (high power)
Using device AMD Radeon Pro 570 (high power)
Initializing Metal device caps: AMD Radeon Pro 570
Initialize mono
Mono path[0] = '/goinfre/yaalaoui/2021.3.15f1/Unity.app/Contents/Managed'
Mono path[1] = '/goinfre/yaalaoui/2021.3.15f1/Unity.app/Contents/MonoBleedingEdge/lib/mono/unityjit-macos'
Mono config path = '/goinfre/yaalaoui/2021.3.15f1/Unity.app/Contents/MonoBleedingEdge/etc'
Using monoOptions --debugger-agent=transport=dt_socket,embedding=1,server=y,suspend=n,address=127.0.0.1:56540
Begin MonoManager ReloadAssembly
Registering precompiled unity dll's ...
Register platform support module: /goinfre/yaalaoui/2021.3.15f1/PlaybackEngines/WebGLSupport/UnityEditor.WebGL.Extensions.dll
Register platform support module: /goinfre/yaalaoui/2021.3.15f1/Unity.app/Contents/PlaybackEngines/MacStandaloneSupport/UnityEditor.OSXStandalone.Extensions.dll
Register platform support module: /goinfre/yaalaoui/2021.3.15f1/PlaybackEngines/AndroidPlayer/UnityEditor.Android.Extensions.dll
Registered in 0.037987 seconds.
Native extension for Android target not found
Native extension for OSXStandalone target not found
Native extension for WebGL target not found
Refreshing native plugins compatible for Editor in 103.12 ms, found 2 plugins.
Preloading 0 native plugins for Editor in 0.00 ms.
Mono: successfully reloaded assembly
- Completed reload, in  1.032 seconds
Domain Reload Profiling:
	ReloadAssembly (1032ms)
		BeginReloadAssembly (229ms)
			ExecutionOrderSort (0ms)
			DisableScriptedObjects (0ms)
			BackupInstance (0ms)
			ReleaseScriptingObjects (0ms)
			CreateAndSetChildDomain (1ms)
		EndReloadAssembly (615ms)
			LoadAssemblies (233ms)
			RebuildTransferFunctionScriptingTraits (0ms)
			SetupTypeCache (166ms)
			ReleaseScriptCaches (0ms)
			RebuildScriptCaches (40ms)
			SetupLoadedEditorAssemblies (346ms)
				LogAssemblyErrors (0ms)
				InitializePlatformSupportModulesInManaged (69ms)
				SetLoadedEditorAssemblies (0ms)
				RefreshPlugins (103ms)
				BeforeProcessingInitializeOnLoad (1ms)
				ProcessInitializeOnLoadAttributes (117ms)
				ProcessInitializeOnLoadMethodAttributes (55ms)
				AfterProcessingInitializeOnLoad (0ms)
				EditorAssembliesLoaded (0ms)
			ExecutionOrderSort2 (0ms)
			AwakeInstancesAfterBackupRestoration (0ms)
Platform modules already initialized, skipping
Registering precompiled user dll's ...
Registered in 0.010393 seconds.
Android Extension - Scanning For ADB Devices 3748 ms
Begin MonoManager ReloadAssembly
Symbol file LoadedFromMemory doesn't match image /goinfre/yaalaoui/Game_Jam1_2023/Library/PackageCache/com.unity.visualscripting@1.7.8/Editor/VisualScripting.Core/Dependencies/YamlDotNet/Unity.VisualScripting.YamlDotNet.dll
Symbol file LoadedFromMemory doesn't match image /goinfre/yaalaoui/Game_Jam1_2023/Library/PackageCache/com.unity.visualscripting@1.7.8/Editor/VisualScripting.Core/Dependencies/DotNetZip/Unity.VisualScripting.IonicZip.dll
Native extension for Android target not found
Native extension for OSXStandalone target not found
Native extension for WebGL target not found
Refreshing native plugins compatible for Editor in 0.61 ms, found 2 plugins.
Preloading 0 native plugins for Editor in 0.00 ms.
Mono: successfully reloaded assembly
- Completed reload, in  1.970 seconds
Domain Reload Profiling:
	ReloadAssembly (1975ms)
		BeginReloadAssembly (269ms)
			ExecutionOrderSort (0ms)
			DisableScriptedObjects (8ms)
			BackupInstance (0ms)
			ReleaseScriptingObjects (0ms)
			CreateAndSetChildDomain (41ms)
		EndReloadAssembly (1546ms)
			LoadAssemblies (479ms)
			RebuildTransferFunctionScriptingTraits (0ms)
			SetupTypeCache (453ms)
			ReleaseScriptCaches (1ms)
			RebuildScriptCaches (76ms)
			SetupLoadedEditorAssemblies (598ms)
				LogAssemblyErrors (0ms)
				InitializePlatformSupportModulesInManaged (16ms)
				SetLoadedEditorAssemblies (1ms)
				RefreshPlugins (1ms)
				BeforeProcessingInitializeOnLoad (102ms)
				ProcessInitializeOnLoadAttributes (364ms)
				ProcessInitializeOnLoadMethodAttributes (114ms)
				AfterProcessingInitializeOnLoad (1ms)
				EditorAssembliesLoaded (0ms)
			ExecutionOrderSort2 (0ms)
			AwakeInstancesAfterBackupRestoration (5ms)
Platform modules already initialized, skipping
========================================================================
Worker process is ready to serve import requests
Launching external process: /goinfre/yaalaoui/2021.3.15f1/Unity.app/Contents/Tools/UnityShaderCompiler
Launched and connected shader compiler UnityShaderCompiler after 0.04 seconds
Refreshing native plugins compatible for Editor in 0.54 ms, found 2 plugins.
Preloading 0 native plugins for Editor in 0.00 ms.
Unloading 3361 Unused Serialized files (Serialized files now loaded: 0)
Unloading 27 unused Assets / (97.2 KB). Loaded Objects now: 3824.
Memory consumption went from 232.7 MB to 232.6 MB.
Total: 4.141228 ms (FindLiveObjects: 0.300463 ms CreateObjectMapping: 0.340036 ms MarkObjects: 3.340088 ms  DeleteObjects: 0.159665 ms)

AssetImportParameters requested are different than current active one (requested -> active):
  custom:video-decoder-ogg-theora: a1e56fd34408186e4bbccfd4996cb3dc -> 
  custom:container-muxer-webm: aa71ff27fc2769a1b78a27578f13a17b -> 
  custom:container-demuxer-webm: 4f35f7cbe854078d1ac9338744f61a02 -> 
  custom:video-encoder-webm-vp8: eb34c28f22e8b96e1ab97ce403110664 -> 
  custom:framework-osx-AVFoundation: b23960f63f64bdc6ff669e2cdcee2391 -> 
  custom:audio-encoder-webm-vorbis: bf7c407c2cedff20999df2af8eb42d56 -> 
  custom:container-demuxer-ogg: 62fdf1f143b41e24485cea50d1cbac27 -> 
  custom:video-decoder-webm-vp8: 9c59270c3fd7afecdb556c50c9e8de78 -> 
  custom:audio-decoder-ogg-vorbis: bf7c407c2cedff20999df2af8eb42d56 -> 
========================================================================
Received Import Request.
  Time since last request: 28615.744537 seconds.
  path: Assets/Scenes/SampleScene.unity
  artifactKey: Guid(9fc0d4010bbf28b4594072e72b8655ab) Importer(815301076,1909f56bfc062723c751e8b465ee728b)
Start importing Assets/Scenes/SampleScene.unity using Guid(9fc0d4010bbf28b4594072e72b8655ab) Importer(815301076,1909f56bfc062723c751e8b465ee728b)  -> (artifact id: 'e55ccaa32d8e5c1de03c07a5412c8c3c') in 0.008130 seconds 
========================================================================
Received Import Request.
  Time since last request: 323.774515 seconds.
  path: Assets/book/BookMesh.fbx
  artifactKey: Guid(b886aec9159fe4660b54f6684465a6f5) Importer(815301076,1909f56bfc062723c751e8b465ee728b)
Start importing Assets/book/BookMesh.fbx using Guid(b886aec9159fe4660b54f6684465a6f5) Importer(815301076,1909f56bfc062723c751e8b465ee728b)  -> (artifact id: '77570e04f72e71b10b114580334ef617') in 0.959363 seconds 
========================================================================
Received Import Request.
  Time since last request: 1.440722 seconds.
  path: Assets/Asset  Store/Wood Patterns
  artifactKey: Guid(bd474a9a0ccea4ed2becf14ef260556f) Importer(815301076,1909f56bfc062723c751e8b465ee728b)
Start importing Assets/Asset  Store/Wood Patterns using Guid(bd474a9a0ccea4ed2becf14ef260556f) Importer(815301076,1909f56bfc062723c751e8b465ee728b)  -> (artifact id: 'addf140734308cefcb7f4d67f33f50a8') in 0.001310 seconds 
========================================================================
Received Import Request.
  Time since last request: 2.771572 seconds.
  path: Assets/Asset  Store/Wood Patterns/Wood Patterns Demo
  artifactKey: Guid(8bd350179b52f49108d119cc3256250f) Importer(815301076,1909f56bfc062723c751e8b465ee728b)
Start importing Assets/Asset  Store/Wood Patterns/Wood Patterns Demo using Guid(8bd350179b52f49108d119cc3256250f) Importer(815301076,1909f56bfc062723c751e8b465ee728b)  -> (artifact id: '33ecad733a0bf9a504a24b8881e4a2c5') in 0.005448 seconds 
========================================================================
Received Import Request.
  Time since last request: 1.415270 seconds.
  path: Assets/Asset  Store/Wood Patterns/Wood Patterns Demo/Materials
  artifactKey: Guid(653e23e9c2892c84c85d8510fbb3b890) Importer(815301076,1909f56bfc062723c751e8b465ee728b)
Start importing Assets/Asset  Store/Wood Patterns/Wood Patterns Demo/Materials using Guid(653e23e9c2892c84c85d8510fbb3b890) Importer(815301076,1909f56bfc062723c751e8b465ee728b)  -> (artifact id: '774e85cb0f230857062deab26cd98b17') in 0.004961 seconds 
========================================================================
Received Import Request.
  Time since last request: 0.048595 seconds.
  path: Assets/Asset  Store/Wood Patterns/Wood Patterns Demo/Materials/Herringbone_Dark.mat
  artifactKey: Guid(7fcfac62b5d07884ca0987363723305b) Importer(815301076,1909f56bfc062723c751e8b465ee728b)
Start importing Assets/Asset  Store/Wood Patterns/Wood Patterns Demo/Materials/Herringbone_Dark.mat using Guid(7fcfac62b5d07884ca0987363723305b) Importer(815301076,1909f56bfc062723c751e8b465ee728b)  -> (artifact id: 'bc4fc64dc372633f4da152f0adddfa7f') in 0.970889 seconds 
========================================================================
Received Import Request.
  Time since last request: 0.000082 seconds.
  path: Assets/Asset  Store/Wood Patterns/Wood Patterns Demo/Materials/Herringbone_Yellow.mat
  artifactKey: Guid(335e031a7a414ba4bb788295ac47706b) Importer(815301076,1909f56bfc062723c751e8b465ee728b)
Start importing Assets/Asset  Store/Wood Patterns/Wood Patterns Demo/Materials/Herringbone_Yellow.mat using Guid(335e031a7a414ba4bb788295ac47706b) Importer(815301076,1909f56bfc062723c751e8b465ee728b)  -> (artifact id: 'a049c6e6df4ed57e069cd6baf4eaf51a') in 0.059177 seconds 
========================================================================
Received Import Request.
  Time since last request: 0.000130 seconds.
  path: Assets/Asset  Store/Wood Patterns/Wood Patterns Demo/Materials/Herringbone_Red.mat
  artifactKey: Guid(bc0e227d60e8dd74e90b71f0cadb2382) Importer(815301076,1909f56bfc062723c751e8b465ee728b)
Start importing Assets/Asset  Store/Wood Patterns/Wood Patterns Demo/Materials/Herringbone_Red.mat using Guid(bc0e227d60e8dd74e90b71f0cadb2382) Importer(815301076,1909f56bfc062723c751e8b465ee728b)  -> (artifact id: '93a20921e198ba5129acc4526a55ac53') in 0.049640 seconds 
========================================================================
Received Import Request.
  Time since last request: 87.389459 seconds.
  path: Assets/Concrete textures pack/pattern 04
  artifactKey: Guid(3978ac0670e4b41e7b4d124bb77b471e) Importer(815301076,1909f56bfc062723c751e8b465ee728b)
Start importing Assets/Concrete textures pack/pattern 04 using Guid(3978ac0670e4b41e7b4d124bb77b471e) Importer(815301076,1909f56bfc062723c751e8b465ee728b)  -> (artifact id: '9ec3677845f61a8d38532152090e0e8c') in 0.004173 seconds 
========================================================================
Received Import Request.
  Time since last request: 10.856560 seconds.
  path: Assets/Concrete textures pack/pattern 20
  artifactKey: Guid(e686cb9d2b92f4b1cbf63674c9f7cdd8) Importer(815301076,1909f56bfc062723c751e8b465ee728b)
Start importing Assets/Concrete textures pack/pattern 20 using Guid(e686cb9d2b92f4b1cbf63674c9f7cdd8) Importer(815301076,1909f56bfc062723c751e8b465ee728b)  -> (artifact id: 'bd31adc9d75dc7f2cbabb7f2d6be8697') in 0.005143 seconds 
========================================================================
Received Import Request.
  Time since last request: 12.883153 seconds.
  path: Assets/Concrete textures pack/pattern 19
  artifactKey: Guid(d6d618e7c58d642e7922141ffacbc835) Importer(815301076,1909f56bfc062723c751e8b465ee728b)
Start importing Assets/Concrete textures pack/pattern 19 using Guid(d6d618e7c58d642e7922141ffacbc835) Importer(815301076,1909f56bfc062723c751e8b465ee728b)  -> (artifact id: 'c21f51f904cd07a2f9247b914f17d547') in 0.005168 seconds 
========================================================================
Received Import Request.
  Time since last request: 139.823332 seconds.
  path: Assets/table/Materials
  artifactKey: Guid(3731198d6ed434ace828746c20d5f401) Importer(815301076,1909f56bfc062723c751e8b465ee728b)
Start importing Assets/table/Materials using Guid(3731198d6ed434ace828746c20d5f401) Importer(815301076,1909f56bfc062723c751e8b465ee728b)  -> (artifact id: '12798ccdbd9cef79186422c99f4059bc') in 0.001176 seconds 
========================================================================
Received Import Request.
  Time since last request: 0.215369 seconds.
  path: Assets/table/Materials/diffuse.mat
  artifactKey: Guid(b87fa282928364680aac358543fe6667) Importer(815301076,1909f56bfc062723c751e8b465ee728b)
Start importing Assets/table/Materials/diffuse.mat using Guid(b87fa282928364680aac358543fe6667) Importer(815301076,1909f56bfc062723c751e8b465ee728b)  -> (artifact id: '52bfac2b53ec0da6f1181217d76ea341') in 0.013968 seconds 
========================================================================
Received Import Request.
  Time since last request: 0.000050 seconds.
  path: Assets/table/Materials/normal.mat
  artifactKey: Guid(c32c6614ffdb14601894c468edc94757) Importer(815301076,1909f56bfc062723c751e8b465ee728b)
Start importing Assets/table/Materials/normal.mat using Guid(c32c6614ffdb14601894c468edc94757) Importer(815301076,1909f56bfc062723c751e8b465ee728b)  -> (artifact id: '9cf3880c1bd20bf120e90290fd649f25') in 0.014743 seconds 
========================================================================
Received Prepare
Registering precompiled user dll's ...
Registered in 0.002002 seconds.
Begin MonoManager ReloadAssembly
Symbol file LoadedFromMemory doesn't match image /goinfre/yaalaoui/Game_Jam1_2023/Library/PackageCache/com.unity.visualscripting@1.7.8/Editor/VisualScripting.Core/Dependencies/YamlDotNet/Unity.VisualScripting.YamlDotNet.dll
Symbol file LoadedFromMemory doesn't match image /goinfre/yaalaoui/Game_Jam1_2023/Library/PackageCache/com.unity.visualscripting@1.7.8/Editor/VisualScripting.Core/Dependencies/DotNetZip/Unity.VisualScripting.IonicZip.dll
Native extension for Android target not found
Native extension for OSXStandalone target not found
Native extension for WebGL target not found
Refreshing native plugins compatible for Editor in 0.65 ms, found 2 plugins.
Preloading 0 native plugins for Editor in 0.00 ms.
Mono: successfully reloaded assembly
- Completed reload, in  1.279 seconds
Domain Reload Profiling:
	ReloadAssembly (1279ms)
		BeginReloadAssembly (174ms)
			ExecutionOrderSort (0ms)
			DisableScriptedObjects (6ms)
			BackupInstance (0ms)
			ReleaseScriptingObjects (0ms)
			CreateAndSetChildDomain (80ms)
		EndReloadAssembly (982ms)
			LoadAssemblies (74ms)
			RebuildTransferFunctionScriptingTraits (0ms)
			SetupTypeCache (384ms)
			ReleaseScriptCaches (1ms)
			RebuildScriptCaches (52ms)
			SetupLoadedEditorAssemblies (413ms)
				LogAssemblyErrors (0ms)
				InitializePlatformSupportModulesInManaged (20ms)
				SetLoadedEditorAssemblies (1ms)
				RefreshPlugins (1ms)
				BeforeProcessingInitializeOnLoad (65ms)
				ProcessInitializeOnLoadAttributes (298ms)
				ProcessInitializeOnLoadMethodAttributes (27ms)
				AfterProcessingInitializeOnLoad (1ms)
				EditorAssembliesLoaded (0ms)
			ExecutionOrderSort2 (0ms)
			AwakeInstancesAfterBackupRestoration (5ms)
Platform modules already initialized, skipping
Refreshing native plugins compatible for Editor in 1.44 ms, found 2 plugins.
Preloading 0 native plugins for Editor in 0.00 ms.
Unloading 3356 Unused Serialized files (Serialized files now loaded: 0)
Unloading 20 unused Assets / (72.8 KB). Loaded Objects now: 3872.
Memory consumption went from 264.5 MB to 264.4 MB.
Total: 4.424082 ms (FindLiveObjects: 0.260871 ms CreateObjectMapping: 0.269796 ms MarkObjects: 3.756770 ms  DeleteObjects: 0.135012 ms)

AssetImportParameters requested are different than current active one (requested -> active):
  custom:video-decoder-ogg-theora: a1e56fd34408186e4bbccfd4996cb3dc -> 
  custom:container-muxer-webm: aa71ff27fc2769a1b78a27578f13a17b -> 
  custom:container-demuxer-webm: 4f35f7cbe854078d1ac9338744f61a02 -> 
  custom:video-encoder-webm-vp8: eb34c28f22e8b96e1ab97ce403110664 -> 
  custom:framework-osx-AVFoundation: b23960f63f64bdc6ff669e2cdcee2391 -> 
  custom:audio-encoder-webm-vorbis: bf7c407c2cedff20999df2af8eb42d56 -> 
  custom:container-demuxer-ogg: 62fdf1f143b41e24485cea50d1cbac27 -> 
  custom:video-decoder-webm-vp8: 9c59270c3fd7afecdb556c50c9e8de78 -> 
  custom:audio-decoder-ogg-vorbis: bf7c407c2cedff20999df2af8eb42d56 -> 
========================================================================
Received Prepare
Registering precompiled user dll's ...
Registered in 0.001969 seconds.
Begin MonoManager ReloadAssembly
Symbol file LoadedFromMemory doesn't match image /goinfre/yaalaoui/Game_Jam1_2023/Library/PackageCache/com.unity.visualscripting@1.7.8/Editor/VisualScripting.Core/Dependencies/YamlDotNet/Unity.VisualScripting.YamlDotNet.dll
Symbol file LoadedFromMemory doesn't match image /goinfre/yaalaoui/Game_Jam1_2023/Library/PackageCache/com.unity.visualscripting@1.7.8/Editor/VisualScripting.Core/Dependencies/DotNetZip/Unity.VisualScripting.IonicZip.dll
Native extension for Android target not found
Native extension for OSXStandalone target not found
Native extension for WebGL target not found
Refreshing native plugins compatible for Editor in 0.56 ms, found 2 plugins.
Preloading 0 native plugins for Editor in 0.00 ms.
Mono: successfully reloaded assembly
- Completed reload, in  1.418 seconds
Domain Reload Profiling:
	ReloadAssembly (1419ms)
		BeginReloadAssembly (184ms)
			ExecutionOrderSort (0ms)
			DisableScriptedObjects (8ms)
			BackupInstance (0ms)
			ReleaseScriptingObjects (0ms)
			CreateAndSetChildDomain (83ms)
		EndReloadAssembly (1100ms)
			LoadAssemblies (81ms)
			RebuildTransferFunctionScriptingTraits (0ms)
			SetupTypeCache (418ms)
			ReleaseScriptCaches (1ms)
			RebuildScriptCaches (60ms)
			SetupLoadedEditorAssemblies (476ms)
				LogAssemblyErrors (0ms)
				InitializePlatformSupportModulesInManaged (24ms)
				SetLoadedEditorAssemblies (1ms)
				RefreshPlugins (1ms)
				BeforeProcessingInitializeOnLoad (74ms)
				ProcessInitializeOnLoadAttributes (348ms)
				ProcessInitializeOnLoadMethodAttributes (28ms)
				AfterProcessingInitializeOnLoad (1ms)
				EditorAssembliesLoaded (0ms)
			ExecutionOrderSort2 (0ms)
			AwakeInstancesAfterBackupRestoration (5ms)
Platform modules already initialized, skipping
Refreshing native plugins compatible for Editor in 1.21 ms, found 2 plugins.
Preloading 0 native plugins for Editor in 0.00 ms.
Unloading 3356 Unused Serialized files (Serialized files now loaded: 0)
Unloading 20 unused Assets / (72.8 KB). Loaded Objects now: 3875.
Memory consumption went from 263.6 MB to 263.5 MB.
Total: 3.309667 ms (FindLiveObjects: 0.261052 ms CreateObjectMapping: 0.175925 ms MarkObjects: 2.727156 ms  DeleteObjects: 0.144691 ms)

AssetImportParameters requested are different than current active one (requested -> active):
  custom:video-decoder-ogg-theora: a1e56fd34408186e4bbccfd4996cb3dc -> 
  custom:container-muxer-webm: aa71ff27fc2769a1b78a27578f13a17b -> 
  custom:container-demuxer-webm: 4f35f7cbe854078d1ac9338744f61a02 -> 
  custom:video-encoder-webm-vp8: eb34c28f22e8b96e1ab97ce403110664 -> 
  custom:framework-osx-AVFoundation: b23960f63f64bdc6ff669e2cdcee2391 -> 
  custom:audio-encoder-webm-vorbis: bf7c407c2cedff20999df2af8eb42d56 -> 
  custom:container-demuxer-ogg: 62fdf1f143b41e24485cea50d1cbac27 -> 
  custom:video-decoder-webm-vp8: 9c59270c3fd7afecdb556c50c9e8de78 -> 
  custom:audio-decoder-ogg-vorbis: bf7c407c2cedff20999df2af8eb42d56 -> 
